2026-04-24 00:08:04.365 INFO com.alibaba.nacos.client.logging.NacosLogging [main] -Nacos Logging Adapter Builder: com.alibaba.nacos.logger.adapter.logback12.LogbackNacosLoggingAdapterBuilder
2026-04-24 00:08:04.374 INFO com.alibaba.nacos.client.logging.NacosLogging [main] -Nacos Logging Adapter Builder: com.alibaba.nacos.logger.adapter.logback14.LogbackNacosLoggingAdapterBuilder
2026-04-24 00:08:04.377 INFO com.alibaba.nacos.client.logging.NacosLogging [main] -Nacos Logging Adapter: com.alibaba.nacos.logger.adapter.logback14.LogbackNacosLoggingAdapter match ch.qos.logback.classic.Logger success.
2026-04-24 00:08:04.397 INFO com.alibaba.nacos.client.logging.NacosLogging [main] -Nacos Logging Adapter Builder: com.alibaba.nacos.logger.adapter.log4j2.Log4j2NacosLoggingAdapterBuilder
2026-04-24 00:08:04.649 INFO com.liang.bbs.user.service.UserApplication [main] -Starting UserApplication using Java 17.0.16 with PID 35796 (D:\毕业设计\bbs-user\bbs-user-service\target\classes started by lijiahao in D:\毕业设计)
2026-04-24 00:08:04.651 INFO com.liang.bbs.user.service.UserApplication [main] -No active profile set, falling back to 1 default profile: "default"
2026-04-24 00:08:06.584 INFO o.s.d.r.config.RepositoryConfigurationDelegate [main] -Multiple Spring Data modules found, entering strict repository configuration mode
2026-04-24 00:08:06.586 INFO o.s.d.r.config.RepositoryConfigurationDelegate [main] -Bootstrapping Spring Data MongoDB repositories in DEFAULT mode.
2026-04-24 00:08:06.631 INFO o.s.d.r.config.RepositoryConfigurationDelegate [main] -Finished Spring Data repository scanning in 36 ms. Found 0 MongoDB repository interfaces.
2026-04-24 00:08:06.658 INFO o.s.d.r.config.RepositoryConfigurationDelegate [main] -Multiple Spring Data modules found, entering strict repository configuration mode
2026-04-24 00:08:06.661 INFO o.s.d.r.config.RepositoryConfigurationDelegate [main] -Bootstrapping Spring Data Redis repositories in DEFAULT mode.
2026-04-24 00:08:06.692 INFO o.s.d.r.config.RepositoryConfigurationDelegate [main] -Finished Spring Data repository scanning in 9 ms. Found 0 Redis repository interfaces.
2026-04-24 00:08:07.321 INFO o.springframework.cloud.context.scope.GenericScope [main] -BeanFactory id=abe0614c-7389-3586-82f9-d09f869f2766
2026-04-24 00:08:09.022 INFO o.s.boot.web.embedded.tomcat.TomcatWebServer [main] -Tomcat initialized with port 7013 (http)
2026-04-24 00:08:09.069 INFO org.apache.coyote.http11.Http11NioProtocol [main] -Initializing ProtocolHandler ["http-nio-7013"]
2026-04-24 00:08:09.075 INFO org.apache.catalina.core.StandardService [main] -Starting service [Tomcat]
2026-04-24 00:08:09.075 INFO org.apache.catalina.core.StandardEngine [main] -Starting Servlet engine: [Apache Tomcat/10.1.52]
2026-04-24 00:08:09.304 INFO o.a.c.core.ContainerBase.[Tomcat].[localhost].[/] [main] -Initializing Spring embedded WebApplicationContext
2026-04-24 00:08:09.305 INFO o.s.b.w.s.c.ServletWebServerApplicationContext [main] -Root WebApplicationContext: initialization completed in 4562 ms
2026-04-24 00:08:12.140 INFO org.redisson.Version [main] -Redisson 3.42.0
2026-04-24 00:08:13.153 INFO org.redisson.connection.ConnectionsHolder [redisson-netty-1-4] -1 connections initialized for 127.0.0.1/127.0.0.1:6379
2026-04-24 00:08:13.407 INFO org.redisson.connection.ConnectionsHolder [redisson-netty-1-19] -24 connections initialized for 127.0.0.1/127.0.0.1:6379
2026-04-24 00:08:17.239 INFO org.mongodb.driver.client [main] -MongoClient with metadata {"driver": {"name": "mongo-java-driver|sync|spring-boot", "version": "5.5.2"}, "os": {"type": "Windows", "name": "Windows 11", "architecture": "amd64", "version": "10.0"}, "platform": "Java/Microsoft/17.0.16+8-LTS"} created with settings MongoClientSettings{readPreference=primary, writeConcern=WriteConcern{w=null, wTimeout=null ms, journal=null}, retryWrites=true, retryReads=true, readConcern=ReadConcern{level=null}, credential=null, transportSettings=null, commandListeners=[], codecRegistry=ProvidersCodecRegistry{codecProviders=[ValueCodecProvider{}, BsonValueCodecProvider{}, DBRefCodecProvider{}, DBObjectCodecProvider{}, DocumentCodecProvider{}, CollectionCodecProvider{}, IterableCodecProvider{}, MapCodecProvider{}, GeoJsonCodecProvider{}, GridFSFileCodecProvider{}, Jsr310CodecProvider{}, JsonObjectCodecProvider{}, BsonCodecProvider{}, EnumCodecProvider{}, com.mongodb.client.model.mql.ExpressionCodecProvider@66e27ac9, com.mongodb.Jep395RecordCodecProvider@453bbb9b, com.mongodb.KotlinCodecProvider@170b27a7]}, loggerSettings=LoggerSettings{maxDocumentLength=1000}, clusterSettings={hosts=[localhost:27017], srvServiceName=mongodb, mode=SINGLE, requiredClusterType=UNKNOWN, requiredReplicaSetName='null', serverSelector='null', clusterListeners='[]', serverSelectionTimeout='30000 ms', localThreshold='15 ms'}, socketSettings=SocketSettings{connectTimeoutMS=10000, readTimeoutMS=0, receiveBufferSize=0, proxySettings=ProxySettings{host=null, port=null, username=null, password=null}}, heartbeatSocketSettings=SocketSettings{connectTimeoutMS=10000, readTimeoutMS=10000, receiveBufferSize=0, proxySettings=ProxySettings{host=null, port=null, username=null, password=null}}, connectionPoolSettings=ConnectionPoolSettings{maxSize=100, minSize=0, maxWaitTimeMS=120000, maxConnectionLifeTimeMS=0, maxConnectionIdleTimeMS=0, maintenanceInitialDelayMS=0, maintenanceFrequencyMS=60000, connectionPoolListeners=[], maxConnecting=2}, serverSettings=ServerSettings{heartbeatFrequencyMS=10000, minHeartbeatFrequencyMS=500, serverMonitoringMode=AUTO, serverListeners='[]', serverMonitorListeners='[]'}, sslSettings=SslSettings{enabled=false, invalidHostNameAllowed=false, context=null}, applicationName='null', compressorList=[], uuidRepresentation=JAVA_LEGACY, serverApi=null, autoEncryptionSettings=null, dnsClient=null, inetAddressResolver=null, contextProvider=null, timeoutMS=null}
2026-04-24 00:08:17.254 INFO org.mongodb.driver.cluster [cluster-ClusterId{value='69ea43f11945cbe2e79bd5e2', description='null'}-localhost:27017] -Monitor thread successfully connected to server with description ServerDescription{address=localhost:27017, type=STANDALONE, cryptd=false, state=CONNECTED, ok=true, minWireVersion=0, maxWireVersion=17, maxDocumentSize=16777216, logicalSessionTimeoutMinutes=30, roundTripTimeNanos=46309800, minRoundTripTimeNanos=0}
2026-04-24 00:08:18.687 WARN o.s.c.l.c.LoadBalancerCacheAutoConfiguration$LoadBalancerCaffeineWarnLogger [main] -Spring Cloud LoadBalancer is currently working with the default cache. While this cache implementation is useful for development and tests, it's recommended to use Caffeine cache in production.You can switch to using Caffeine cache, by adding it and org.springframework.cache.caffeine.CaffeineCacheManager to the classpath.
2026-04-24 00:08:18.765 INFO org.apache.coyote.http11.Http11NioProtocol [main] -Starting ProtocolHandler ["http-nio-7013"]
2026-04-24 00:08:18.780 INFO o.s.boot.web.embedded.tomcat.TomcatWebServer [main] -Tomcat started on port 7013 (http) with context path '/'
2026-04-24 00:08:18.883 INFO c.a.n.p.auth.spi.client.ClientAuthPluginManager [main] -[ClientAuthPluginManager] Load ClientAuthService com.alibaba.nacos.client.auth.impl.NacosClientAuthServiceImpl success.
2026-04-24 00:08:18.883 INFO c.a.n.p.auth.spi.client.ClientAuthPluginManager [main] -[ClientAuthPluginManager] Load ClientAuthService com.alibaba.nacos.client.auth.ram.RamClientAuthServiceImpl success.
2026-04-24 00:08:21.279 INFO c.a.n.common.ability.AbstractAbilityControlManager [main] -Ready to get current node abilities...
2026-04-24 00:08:21.282 INFO c.a.n.common.ability.AbstractAbilityControlManager [main] -Ready to initialize current node abilities, support modes: [SDK_CLIENT]
2026-04-24 00:08:21.284 INFO c.a.n.common.ability.AbstractAbilityControlManager [main] -Initialize current abilities finish...
2026-04-24 00:08:21.284 INFO c.a.n.c.ability.discover.NacosAbilityManagerHolder [main] -[AbilityControlManager] Successfully initialize AbilityControlManager
2026-04-24 00:08:21.440 INFO c.a.cloud.nacos.registry.NacosServiceRegistry [main] -nacos registry, DEFAULT_GROUP ns-bbs-user 28.0.0.1:7013 register finished
2026-04-24 00:08:21.877 INFO com.liang.bbs.user.service.UserApplication [main] -Started UserApplication in 18.655 seconds (process running for 20.466)
