2026-04-24 00:08:25.092 INFO com.alibaba.nacos.client.logging.NacosLogging [main] -Nacos Logging Adapter Builder: com.alibaba.nacos.logger.adapter.logback12.LogbackNacosLoggingAdapterBuilder
2026-04-24 00:08:25.100 INFO com.alibaba.nacos.client.logging.NacosLogging [main] -Nacos Logging Adapter Builder: com.alibaba.nacos.logger.adapter.logback14.LogbackNacosLoggingAdapterBuilder
2026-04-24 00:08:25.103 INFO com.alibaba.nacos.client.logging.NacosLogging [main] -Nacos Logging Adapter: com.alibaba.nacos.logger.adapter.logback14.LogbackNacosLoggingAdapter match ch.qos.logback.classic.Logger success.
2026-04-24 00:08:25.122 INFO com.alibaba.nacos.client.logging.NacosLogging [main] -Nacos Logging Adapter Builder: com.alibaba.nacos.logger.adapter.log4j2.Log4j2NacosLoggingAdapterBuilder
2026-04-24 00:08:25.308 INFO com.liang.bbs.article.service.ArticleApplication [main] -Starting ArticleApplication using Java 17.0.16 with PID 18060 (D:\毕业设计\bbs-article\bbs-article-service\target\classes started by lijiahao in D:\毕业设计)
2026-04-24 00:08:25.311 INFO com.liang.bbs.article.service.ArticleApplication [main] -No active profile set, falling back to 1 default profile: "default"
2026-04-24 00:08:26.917 INFO o.s.d.r.config.RepositoryConfigurationDelegate [main] -Multiple Spring Data modules found, entering strict repository configuration mode
2026-04-24 00:08:26.918 INFO o.s.d.r.config.RepositoryConfigurationDelegate [main] -Bootstrapping Spring Data MongoDB repositories in DEFAULT mode.
2026-04-24 00:08:26.959 INFO o.s.d.r.config.RepositoryConfigurationDelegate [main] -Finished Spring Data repository scanning in 29 ms. Found 0 MongoDB repository interfaces.
2026-04-24 00:08:26.981 INFO o.s.d.r.config.RepositoryConfigurationDelegate [main] -Multiple Spring Data modules found, entering strict repository configuration mode
2026-04-24 00:08:26.982 INFO o.s.d.r.config.RepositoryConfigurationDelegate [main] -Bootstrapping Spring Data Redis repositories in DEFAULT mode.
2026-04-24 00:08:27.010 INFO o.s.d.r.config.RepositoryConfigurationDelegate [main] -Finished Spring Data repository scanning in 12 ms. Found 0 Redis repository interfaces.
2026-04-24 00:08:27.699 INFO o.springframework.cloud.context.scope.GenericScope [main] -BeanFactory id=c7d3aec0-499d-3a2f-93d6-a4c9cca7bf6d
2026-04-24 00:08:29.641 INFO o.s.boot.web.embedded.tomcat.TomcatWebServer [main] -Tomcat initialized with port 7011 (http)
2026-04-24 00:08:29.674 INFO org.apache.coyote.http11.Http11NioProtocol [main] -Initializing ProtocolHandler ["http-nio-7011"]
2026-04-24 00:08:29.676 INFO org.apache.catalina.core.StandardService [main] -Starting service [Tomcat]
2026-04-24 00:08:29.677 INFO org.apache.catalina.core.StandardEngine [main] -Starting Servlet engine: [Apache Tomcat/10.1.52]
2026-04-24 00:08:29.872 INFO o.a.c.core.ContainerBase.[Tomcat].[localhost].[/] [main] -Initializing Spring embedded WebApplicationContext
2026-04-24 00:08:29.873 INFO o.s.b.w.s.c.ServletWebServerApplicationContext [main] -Root WebApplicationContext: initialization completed in 4493 ms
2026-04-24 00:08:31.890 INFO org.mongodb.driver.client [main] -MongoClient with metadata {"driver": {"name": "mongo-java-driver|sync|spring-boot", "version": "5.5.2"}, "os": {"type": "Windows", "name": "Windows 11", "architecture": "amd64", "version": "10.0"}, "platform": "Java/Microsoft/17.0.16+8-LTS"} created with settings MongoClientSettings{readPreference=primary, writeConcern=WriteConcern{w=null, wTimeout=null ms, journal=null}, retryWrites=true, retryReads=true, readConcern=ReadConcern{level=null}, credential=null, transportSettings=null, commandListeners=[], codecRegistry=ProvidersCodecRegistry{codecProviders=[ValueCodecProvider{}, BsonValueCodecProvider{}, DBRefCodecProvider{}, DBObjectCodecProvider{}, DocumentCodecProvider{}, CollectionCodecProvider{}, IterableCodecProvider{}, MapCodecProvider{}, GeoJsonCodecProvider{}, GridFSFileCodecProvider{}, Jsr310CodecProvider{}, JsonObjectCodecProvider{}, BsonCodecProvider{}, EnumCodecProvider{}, com.mongodb.client.model.mql.ExpressionCodecProvider@69cc49ec, com.mongodb.Jep395RecordCodecProvider@6b71e98f, com.mongodb.KotlinCodecProvider@6ed7b9c5]}, loggerSettings=LoggerSettings{maxDocumentLength=1000}, clusterSettings={hosts=[127.0.0.1:27017], srvServiceName=mongodb, mode=SINGLE, requiredClusterType=UNKNOWN, requiredReplicaSetName='null', serverSelector='null', clusterListeners='[]', serverSelectionTimeout='30000 ms', localThreshold='15 ms'}, socketSettings=SocketSettings{connectTimeoutMS=10000, readTimeoutMS=0, receiveBufferSize=0, proxySettings=ProxySettings{host=null, port=null, username=null, password=null}}, heartbeatSocketSettings=SocketSettings{connectTimeoutMS=10000, readTimeoutMS=10000, receiveBufferSize=0, proxySettings=ProxySettings{host=null, port=null, username=null, password=null}}, connectionPoolSettings=ConnectionPoolSettings{maxSize=100, minSize=0, maxWaitTimeMS=120000, maxConnectionLifeTimeMS=0, maxConnectionIdleTimeMS=0, maintenanceInitialDelayMS=0, maintenanceFrequencyMS=60000, connectionPoolListeners=[], maxConnecting=2}, serverSettings=ServerSettings{heartbeatFrequencyMS=10000, minHeartbeatFrequencyMS=500, serverMonitoringMode=AUTO, serverListeners='[]', serverMonitorListeners='[]'}, sslSettings=SslSettings{enabled=false, invalidHostNameAllowed=false, context=null}, applicationName='null', compressorList=[], uuidRepresentation=JAVA_LEGACY, serverApi=null, autoEncryptionSettings=null, dnsClient=null, inetAddressResolver=null, contextProvider=null, timeoutMS=null}
2026-04-24 00:08:31.899 INFO org.mongodb.driver.cluster [cluster-ClusterId{value='69ea43ffee84247a8ceb5655', description='null'}-127.0.0.1:27017] -Monitor thread successfully connected to server with description ServerDescription{address=127.0.0.1:27017, type=STANDALONE, cryptd=false, state=CONNECTED, ok=true, minWireVersion=0, maxWireVersion=17, maxDocumentSize=16777216, logicalSessionTimeoutMinutes=30, roundTripTimeNanos=44829600, minRoundTripTimeNanos=0}
2026-04-24 00:08:35.698 WARN o.s.c.l.c.LoadBalancerCacheAutoConfiguration$LoadBalancerCaffeineWarnLogger [main] -Spring Cloud LoadBalancer is currently working with the default cache. While this cache implementation is useful for development and tests, it's recommended to use Caffeine cache in production.You can switch to using Caffeine cache, by adding it and org.springframework.cache.caffeine.CaffeineCacheManager to the classpath.
2026-04-24 00:08:35.890 INFO org.apache.coyote.http11.Http11NioProtocol [main] -Starting ProtocolHandler ["http-nio-7011"]
2026-04-24 00:08:35.973 INFO o.s.boot.web.embedded.tomcat.TomcatWebServer [main] -Tomcat started on port 7011 (http) with context path '/'
2026-04-24 00:08:36.196 INFO c.a.n.p.auth.spi.client.ClientAuthPluginManager [main] -[ClientAuthPluginManager] Load ClientAuthService com.alibaba.nacos.client.auth.impl.NacosClientAuthServiceImpl success.
2026-04-24 00:08:36.196 INFO c.a.n.p.auth.spi.client.ClientAuthPluginManager [main] -[ClientAuthPluginManager] Load ClientAuthService com.alibaba.nacos.client.auth.ram.RamClientAuthServiceImpl success.
2026-04-24 00:08:38.176 INFO c.a.n.common.ability.AbstractAbilityControlManager [main] -Ready to get current node abilities...
2026-04-24 00:08:38.180 INFO c.a.n.common.ability.AbstractAbilityControlManager [main] -Ready to initialize current node abilities, support modes: [SDK_CLIENT]
2026-04-24 00:08:38.182 INFO c.a.n.common.ability.AbstractAbilityControlManager [main] -Initialize current abilities finish...
2026-04-24 00:08:38.183 INFO c.a.n.c.ability.discover.NacosAbilityManagerHolder [main] -[AbilityControlManager] Successfully initialize AbilityControlManager
2026-04-24 00:08:38.332 INFO c.a.cloud.nacos.registry.NacosServiceRegistry [main] -nacos registry, DEFAULT_GROUP ns-bbs-article 28.0.0.1:7011 register finished
2026-04-24 00:08:38.628 INFO com.liang.bbs.article.service.ArticleApplication [main] -Started ArticleApplication in 14.76 seconds (process running for 16.513)
2026-04-24 00:09:00.155 INFO o.a.c.core.ContainerBase.[Tomcat].[localhost].[/] [http-nio-7011-exec-1] -Initializing Spring DispatcherServlet 'dispatcherServlet'
2026-04-24 00:09:00.156 INFO org.springframework.web.servlet.DispatcherServlet [http-nio-7011-exec-1] -Initializing Servlet 'dispatcherServlet'
2026-04-24 00:09:00.158 INFO org.springframework.web.servlet.DispatcherServlet [http-nio-7011-exec-1] -Completed initialization in 2 ms
2026-04-24 00:09:00.331 INFO com.alibaba.druid.pool.DruidDataSource [http-nio-7011-exec-1] -{dataSource-1} inited
