2026-04-22 16:45:05.877 INFO com.alibaba.nacos.client.logging.NacosLogging [main] -Nacos Logging Adapter Builder: com.alibaba.nacos.logger.adapter.logback12.LogbackNacosLoggingAdapterBuilder
2026-04-22 16:45:05.880 INFO com.alibaba.nacos.client.logging.NacosLogging [main] -Nacos Logging Adapter Builder: com.alibaba.nacos.logger.adapter.logback14.LogbackNacosLoggingAdapterBuilder
2026-04-22 16:45:05.881 INFO com.alibaba.nacos.client.logging.NacosLogging [main] -Nacos Logging Adapter: com.alibaba.nacos.logger.adapter.logback14.LogbackNacosLoggingAdapter match ch.qos.logback.classic.Logger success.
2026-04-22 16:45:05.887 INFO com.alibaba.nacos.client.logging.NacosLogging [main] -Nacos Logging Adapter Builder: com.alibaba.nacos.logger.adapter.log4j2.Log4j2NacosLoggingAdapterBuilder
2026-04-22 16:45:05.975 INFO com.liang.bbs.article.service.ArticleApplication [main] -Starting ArticleApplication using Java 21.0.2 with PID 12812 (D:\L-work\bbs\bbs-springboot\bbs-article\bbs-article-service\target\classes started by cbr in D:\L-work\bbs\bbs-springboot\bbs-article\bbs-article-service)
2026-04-22 16:45:05.976 INFO com.liang.bbs.article.service.ArticleApplication [main] -No active profile set, falling back to 1 default profile: "default"
2026-04-22 16:45:06.645 INFO o.s.d.r.config.RepositoryConfigurationDelegate [main] -Multiple Spring Data modules found, entering strict repository configuration mode
2026-04-22 16:45:06.648 INFO o.s.d.r.config.RepositoryConfigurationDelegate [main] -Bootstrapping Spring Data MongoDB repositories in DEFAULT mode.
2026-04-22 16:45:06.680 INFO o.s.d.r.config.RepositoryConfigurationDelegate [main] -Finished Spring Data repository scanning in 23 ms. Found 0 MongoDB repository interfaces.
2026-04-22 16:45:06.690 INFO o.s.d.r.config.RepositoryConfigurationDelegate [main] -Multiple Spring Data modules found, entering strict repository configuration mode
2026-04-22 16:45:06.691 INFO o.s.d.r.config.RepositoryConfigurationDelegate [main] -Bootstrapping Spring Data Redis repositories in DEFAULT mode.
2026-04-22 16:45:06.707 INFO o.s.d.r.config.RepositoryConfigurationDelegate [main] -Finished Spring Data repository scanning in 8 ms. Found 0 Redis repository interfaces.
2026-04-22 16:45:06.894 INFO o.springframework.cloud.context.scope.GenericScope [main] -BeanFactory id=ae596fad-d14b-369e-b9ae-4994c663f84d
2026-04-22 16:45:07.326 INFO o.s.boot.web.embedded.tomcat.TomcatWebServer [main] -Tomcat initialized with port 7011 (http)
2026-04-22 16:45:07.338 INFO org.apache.coyote.http11.Http11NioProtocol [main] -Initializing ProtocolHandler ["http-nio-7011"]
2026-04-22 16:45:07.339 INFO org.apache.catalina.core.StandardService [main] -Starting service [Tomcat]
2026-04-22 16:45:07.340 INFO org.apache.catalina.core.StandardEngine [main] -Starting Servlet engine: [Apache Tomcat/10.1.52]
2026-04-22 16:45:07.436 INFO o.a.c.core.ContainerBase.[Tomcat].[localhost].[/] [main] -Initializing Spring embedded WebApplicationContext
2026-04-22 16:45:07.437 INFO o.s.b.w.s.c.ServletWebServerApplicationContext [main] -Root WebApplicationContext: initialization completed in 1431 ms
2026-04-22 16:45:07.978 INFO o.s.cloud.openfeign.FeignClientFactoryBean [main] -For 'ns-manage-auth' URL not provided. Will try picking an instance via load-balancing.
2026-04-22 16:45:07.979 WARN o.s.b.w.s.c.AnnotationConfigServletWebServerApplicationContext [main] -Exception encountered during context initialization - cancelling refresh attempt: org.springframework.beans.factory.UnsatisfiedDependencyException: Error creating bean with name 'internalArticleController': Unsatisfied dependency expressed through field 'articleService': Error creating bean with name 'articleServiceImpl': Unsatisfied dependency expressed through field 'labelService': Error creating bean with name 'labelServiceImpl': Unsatisfied dependency expressed through field 'fileService': Error creating bean with name 'com.liang.bbs.article.service.client.FileServiceClient': FactoryBean threw exception on object creation
2026-04-22 16:45:07.981 INFO com.alibaba.druid.pool.DruidDataSource [main] -{dataSource-0} closing ...
2026-04-22 16:45:07.981 INFO org.apache.catalina.core.StandardService [main] -Stopping service [Tomcat]
2026-04-22 16:45:08.066 INFO o.s.b.a.logging.ConditionEvaluationReportLogger [main] -

Error starting ApplicationContext. To display the condition evaluation report re-run your application with 'debug' enabled.
2026-04-22 16:45:08.083 ERROR org.springframework.boot.SpringApplication [main] -Application run failed
org.springframework.beans.factory.UnsatisfiedDependencyException: Error creating bean with name 'internalArticleController': Unsatisfied dependency expressed through field 'articleService': Error creating bean with name 'articleServiceImpl': Unsatisfied dependency expressed through field 'labelService': Error creating bean with name 'labelServiceImpl': Unsatisfied dependency expressed through field 'fileService': Error creating bean with name 'com.liang.bbs.article.service.client.FileServiceClient': FactoryBean threw exception on object creation
	at org.springframework.beans.factory.annotation.AutowiredAnnotationBeanPostProcessor$AutowiredFieldElement.resolveFieldValue(AutowiredAnnotationBeanPostProcessor.java:787)
	at org.springframework.beans.factory.annotation.AutowiredAnnotationBeanPostProcessor$AutowiredFieldElement.inject(AutowiredAnnotationBeanPostProcessor.java:767)
	at org.springframework.beans.factory.annotation.InjectionMetadata.inject(InjectionMetadata.java:146)
	at org.springframework.beans.factory.annotation.AutowiredAnnotationBeanPostProcessor.postProcessProperties(AutowiredAnnotationBeanPostProcessor.java:509)
	at org.springframework.beans.factory.support.AbstractAutowireCapableBeanFactory.populateBean(AbstractAutowireCapableBeanFactory.java:1459)
	at org.springframework.beans.factory.support.AbstractAutowireCapableBeanFactory.doCreateBean(AbstractAutowireCapableBeanFactory.java:606)
	at org.springframework.beans.factory.support.AbstractAutowireCapableBeanFactory.createBean(AbstractAutowireCapableBeanFactory.java:529)
	at org.springframework.beans.factory.support.AbstractBeanFactory.lambda$doGetBean$0(AbstractBeanFactory.java:339)
	at org.springframework.beans.factory.support.DefaultSingletonBeanRegistry.getSingleton(DefaultSingletonBeanRegistry.java:373)
	at org.springframework.beans.factory.support.AbstractBeanFactory.doGetBean(AbstractBeanFactory.java:337)
	at org.springframework.beans.factory.support.AbstractBeanFactory.getBean(AbstractBeanFactory.java:202)
	at org.springframework.beans.factory.support.DefaultListableBeanFactory.instantiateSingleton(DefaultListableBeanFactory.java:1228)
	at org.springframework.beans.factory.support.DefaultListableBeanFactory.preInstantiateSingleton(DefaultListableBeanFactory.java:1194)
	at org.springframework.beans.factory.support.DefaultListableBeanFactory.preInstantiateSingletons(DefaultListableBeanFactory.java:1130)
	at org.springframework.context.support.AbstractApplicationContext.finishBeanFactoryInitialization(AbstractApplicationContext.java:991)
	at org.springframework.context.support.AbstractApplicationContext.refresh(AbstractApplicationContext.java:628)
	at org.springframework.boot.web.servlet.context.ServletWebServerApplicationContext.refresh(ServletWebServerApplicationContext.java:146)
	at org.springframework.boot.SpringApplication.refresh(SpringApplication.java:752)
	at org.springframework.boot.SpringApplication.refreshContext(SpringApplication.java:439)
	at org.springframework.boot.SpringApplication.run(SpringApplication.java:318)
	at org.springframework.boot.SpringApplication.run(SpringApplication.java:1361)
	at org.springframework.boot.SpringApplication.run(SpringApplication.java:1350)
	at com.liang.bbs.article.service.ArticleApplication.main(ArticleApplication.java:19)
Caused by: org.springframework.beans.factory.UnsatisfiedDependencyException: Error creating bean with name 'articleServiceImpl': Unsatisfied dependency expressed through field 'labelService': Error creating bean with name 'labelServiceImpl': Unsatisfied dependency expressed through field 'fileService': Error creating bean with name 'com.liang.bbs.article.service.client.FileServiceClient': FactoryBean threw exception on object creation
	at org.springframework.beans.factory.annotation.AutowiredAnnotationBeanPostProcessor$AutowiredFieldElement.resolveFieldValue(AutowiredAnnotationBeanPostProcessor.java:787)
	at org.springframework.beans.factory.annotation.AutowiredAnnotationBeanPostProcessor$AutowiredFieldElement.inject(AutowiredAnnotationBeanPostProcessor.java:767)
	at org.springframework.beans.factory.annotation.InjectionMetadata.inject(InjectionMetadata.java:146)
	at org.springframework.beans.factory.annotation.AutowiredAnnotationBeanPostProcessor.postProcessProperties(AutowiredAnnotationBeanPostProcessor.java:509)
	at org.springframework.beans.factory.support.AbstractAutowireCapableBeanFactory.populateBean(AbstractAutowireCapableBeanFactory.java:1459)
	at org.springframework.beans.factory.support.AbstractAutowireCapableBeanFactory.doCreateBean(AbstractAutowireCapableBeanFactory.java:606)
	at org.springframework.beans.factory.support.AbstractAutowireCapableBeanFactory.createBean(AbstractAutowireCapableBeanFactory.java:529)
	at org.springframework.beans.factory.support.AbstractBeanFactory.lambda$doGetBean$0(AbstractBeanFactory.java:339)
	at org.springframework.beans.factory.support.DefaultSingletonBeanRegistry.getSingleton(DefaultSingletonBeanRegistry.java:373)
	at org.springframework.beans.factory.support.AbstractBeanFactory.doGetBean(AbstractBeanFactory.java:337)
	at org.springframework.beans.factory.support.AbstractBeanFactory.getBean(AbstractBeanFactory.java:202)
	at org.springframework.beans.factory.config.DependencyDescriptor.resolveCandidate(DependencyDescriptor.java:254)
	at org.springframework.beans.factory.support.DefaultListableBeanFactory.doResolveDependency(DefaultListableBeanFactory.java:1770)
	at org.springframework.beans.factory.support.DefaultListableBeanFactory.resolveDependency(DefaultListableBeanFactory.java:1653)
	at org.springframework.beans.factory.annotation.AutowiredAnnotationBeanPostProcessor$AutowiredFieldElement.resolveFieldValue(AutowiredAnnotationBeanPostProcessor.java:784)
	... 22 common frames omitted
Caused by: org.springframework.beans.factory.UnsatisfiedDependencyException: Error creating bean with name 'labelServiceImpl': Unsatisfied dependency expressed through field 'fileService': Error creating bean with name 'com.liang.bbs.article.service.client.FileServiceClient': FactoryBean threw exception on object creation
	at org.springframework.beans.factory.annotation.AutowiredAnnotationBeanPostProcessor$AutowiredFieldElement.resolveFieldValue(AutowiredAnnotationBeanPostProcessor.java:787)
	at org.springframework.beans.factory.annotation.AutowiredAnnotationBeanPostProcessor$AutowiredFieldElement.inject(AutowiredAnnotationBeanPostProcessor.java:767)
	at org.springframework.beans.factory.annotation.InjectionMetadata.inject(InjectionMetadata.java:146)
	at org.springframework.beans.factory.annotation.AutowiredAnnotationBeanPostProcessor.postProcessProperties(AutowiredAnnotationBeanPostProcessor.java:509)
	at org.springframework.beans.factory.support.AbstractAutowireCapableBeanFactory.populateBean(AbstractAutowireCapableBeanFactory.java:1459)
	at org.springframework.beans.factory.support.AbstractAutowireCapableBeanFactory.doCreateBean(AbstractAutowireCapableBeanFactory.java:606)
	at org.springframework.beans.factory.support.AbstractAutowireCapableBeanFactory.createBean(AbstractAutowireCapableBeanFactory.java:529)
	at org.springframework.beans.factory.support.AbstractBeanFactory.lambda$doGetBean$0(AbstractBeanFactory.java:339)
	at org.springframework.beans.factory.support.DefaultSingletonBeanRegistry.getSingleton(DefaultSingletonBeanRegistry.java:373)
	at org.springframework.beans.factory.support.AbstractBeanFactory.doGetBean(AbstractBeanFactory.java:337)
	at org.springframework.beans.factory.support.AbstractBeanFactory.getBean(AbstractBeanFactory.java:202)
	at org.springframework.beans.factory.config.DependencyDescriptor.resolveCandidate(DependencyDescriptor.java:254)
	at org.springframework.beans.factory.support.DefaultListableBeanFactory.doResolveDependency(DefaultListableBeanFactory.java:1770)
	at org.springframework.beans.factory.support.DefaultListableBeanFactory.resolveDependency(DefaultListableBeanFactory.java:1653)
	at org.springframework.beans.factory.annotation.AutowiredAnnotationBeanPostProcessor$AutowiredFieldElement.resolveFieldValue(AutowiredAnnotationBeanPostProcessor.java:784)
	... 36 common frames omitted
Caused by: org.springframework.beans.factory.BeanCreationException: Error creating bean with name 'com.liang.bbs.article.service.client.FileServiceClient': FactoryBean threw exception on object creation
	at org.springframework.beans.factory.support.FactoryBeanRegistrySupport.doGetObjectFromFactoryBean(FactoryBeanRegistrySupport.java:211)
	at org.springframework.beans.factory.support.FactoryBeanRegistrySupport.getObjectFromFactoryBean(FactoryBeanRegistrySupport.java:137)
	at org.springframework.beans.factory.support.AbstractBeanFactory.getObjectForBeanInstance(AbstractBeanFactory.java:1895)
	at org.springframework.beans.factory.support.AbstractAutowireCapableBeanFactory.getObjectForBeanInstance(AbstractAutowireCapableBeanFactory.java:1316)
	at org.springframework.beans.factory.support.AbstractBeanFactory.doGetBean(AbstractBeanFactory.java:349)
	at org.springframework.beans.factory.support.AbstractBeanFactory.getBean(AbstractBeanFactory.java:202)
	at org.springframework.beans.factory.config.DependencyDescriptor.resolveCandidate(DependencyDescriptor.java:254)
	at org.springframework.beans.factory.support.DefaultListableBeanFactory.doResolveDependency(DefaultListableBeanFactory.java:1770)
	at org.springframework.beans.factory.support.DefaultListableBeanFactory.resolveDependency(DefaultListableBeanFactory.java:1653)
	at org.springframework.beans.factory.annotation.AutowiredAnnotationBeanPostProcessor$AutowiredFieldElement.resolveFieldValue(AutowiredAnnotationBeanPostProcessor.java:784)
	... 50 common frames omitted
Caused by: java.lang.IllegalStateException: No Feign Client for loadBalancing defined. Did you forget to include spring-cloud-starter-loadbalancer?
	at org.springframework.cloud.openfeign.FeignClientFactoryBean.loadBalance(FeignClientFactoryBean.java:436)
	at org.springframework.cloud.openfeign.FeignClientFactoryBean.getTarget(FeignClientFactoryBean.java:481)
	at org.springframework.cloud.openfeign.FeignClientFactoryBean.getObject(FeignClientFactoryBean.java:456)
	at org.springframework.beans.factory.support.FactoryBeanRegistrySupport.doGetObjectFromFactoryBean(FactoryBeanRegistrySupport.java:205)
	... 59 common frames omitted
2026-04-22 16:45:08.088 WARN c.alibaba.nacos.common.executor.ThreadPoolManager [Thread-6] -[ThreadPoolManager] Start destroying ThreadPool
2026-04-22 16:45:08.089 WARN c.alibaba.nacos.common.executor.ThreadPoolManager [Thread-6] -[ThreadPoolManager] Destruction of the end
2026-04-22 16:47:09.569 INFO com.alibaba.nacos.client.logging.NacosLogging [main] -Nacos Logging Adapter Builder: com.alibaba.nacos.logger.adapter.logback12.LogbackNacosLoggingAdapterBuilder
2026-04-22 16:47:09.572 INFO com.alibaba.nacos.client.logging.NacosLogging [main] -Nacos Logging Adapter Builder: com.alibaba.nacos.logger.adapter.logback14.LogbackNacosLoggingAdapterBuilder
2026-04-22 16:47:09.573 INFO com.alibaba.nacos.client.logging.NacosLogging [main] -Nacos Logging Adapter: com.alibaba.nacos.logger.adapter.logback14.LogbackNacosLoggingAdapter match ch.qos.logback.classic.Logger success.
2026-04-22 16:47:09.582 INFO com.alibaba.nacos.client.logging.NacosLogging [main] -Nacos Logging Adapter Builder: com.alibaba.nacos.logger.adapter.log4j2.Log4j2NacosLoggingAdapterBuilder
2026-04-22 16:47:09.710 INFO com.liang.bbs.article.service.ArticleApplication [main] -Starting ArticleApplication using Java 21.0.2 with PID 23116 (D:\L-work\bbs\bbs-springboot\bbs-article\bbs-article-service\target\classes started by cbr in D:\L-work\bbs\bbs-springboot\bbs-article\bbs-article-service)
2026-04-22 16:47:09.710 INFO com.liang.bbs.article.service.ArticleApplication [main] -No active profile set, falling back to 1 default profile: "default"
2026-04-22 16:47:10.732 INFO o.s.d.r.config.RepositoryConfigurationDelegate [main] -Multiple Spring Data modules found, entering strict repository configuration mode
2026-04-22 16:47:10.735 INFO o.s.d.r.config.RepositoryConfigurationDelegate [main] -Bootstrapping Spring Data MongoDB repositories in DEFAULT mode.
2026-04-22 16:47:10.785 INFO o.s.d.r.config.RepositoryConfigurationDelegate [main] -Finished Spring Data repository scanning in 39 ms. Found 0 MongoDB repository interfaces.
2026-04-22 16:47:10.806 INFO o.s.d.r.config.RepositoryConfigurationDelegate [main] -Multiple Spring Data modules found, entering strict repository configuration mode
2026-04-22 16:47:10.808 INFO o.s.d.r.config.RepositoryConfigurationDelegate [main] -Bootstrapping Spring Data Redis repositories in DEFAULT mode.
2026-04-22 16:47:10.832 INFO o.s.d.r.config.RepositoryConfigurationDelegate [main] -Finished Spring Data repository scanning in 12 ms. Found 0 Redis repository interfaces.
2026-04-22 16:47:11.132 INFO o.springframework.cloud.context.scope.GenericScope [main] -BeanFactory id=0d2458af-c2cc-3410-8f41-cc8471d3a7ca
2026-04-22 16:47:11.668 INFO o.s.boot.web.embedded.tomcat.TomcatWebServer [main] -Tomcat initialized with port 7011 (http)
2026-04-22 16:47:11.684 INFO org.apache.coyote.http11.Http11NioProtocol [main] -Initializing ProtocolHandler ["http-nio-7011"]
2026-04-22 16:47:11.687 INFO org.apache.catalina.core.StandardService [main] -Starting service [Tomcat]
2026-04-22 16:47:11.687 INFO org.apache.catalina.core.StandardEngine [main] -Starting Servlet engine: [Apache Tomcat/10.1.52]
2026-04-22 16:47:11.815 INFO o.a.c.core.ContainerBase.[Tomcat].[localhost].[/] [main] -Initializing Spring embedded WebApplicationContext
2026-04-22 16:47:11.816 INFO o.s.b.w.s.c.ServletWebServerApplicationContext [main] -Root WebApplicationContext: initialization completed in 2061 ms
2026-04-22 16:47:12.295 INFO o.s.cloud.openfeign.FeignClientFactoryBean [main] -For 'ns-manage-auth' URL not provided. Will try picking an instance via load-balancing.
2026-04-22 16:47:12.322 WARN o.s.b.w.s.c.AnnotationConfigServletWebServerApplicationContext [main] -Exception encountered during context initialization - cancelling refresh attempt: org.springframework.beans.factory.UnsatisfiedDependencyException: Error creating bean with name 'internalArticleController': Unsatisfied dependency expressed through field 'articleService': Error creating bean with name 'articleServiceImpl': Unsatisfied dependency expressed through field 'labelService': Error creating bean with name 'labelServiceImpl': Unsatisfied dependency expressed through field 'fileService': Error creating bean with name 'com.liang.bbs.article.service.client.FileServiceClient': FactoryBean threw exception on object creation
2026-04-22 16:47:12.324 INFO com.alibaba.druid.pool.DruidDataSource [main] -{dataSource-0} closing ...
2026-04-22 16:47:12.324 INFO org.apache.catalina.core.StandardService [main] -Stopping service [Tomcat]
2026-04-22 16:47:12.396 INFO o.s.b.a.logging.ConditionEvaluationReportLogger [main] -

Error starting ApplicationContext. To display the condition evaluation report re-run your application with 'debug' enabled.
2026-04-22 16:47:12.409 ERROR org.springframework.boot.SpringApplication [main] -Application run failed
org.springframework.beans.factory.UnsatisfiedDependencyException: Error creating bean with name 'internalArticleController': Unsatisfied dependency expressed through field 'articleService': Error creating bean with name 'articleServiceImpl': Unsatisfied dependency expressed through field 'labelService': Error creating bean with name 'labelServiceImpl': Unsatisfied dependency expressed through field 'fileService': Error creating bean with name 'com.liang.bbs.article.service.client.FileServiceClient': FactoryBean threw exception on object creation
	at org.springframework.beans.factory.annotation.AutowiredAnnotationBeanPostProcessor$AutowiredFieldElement.resolveFieldValue(AutowiredAnnotationBeanPostProcessor.java:787)
	at org.springframework.beans.factory.annotation.AutowiredAnnotationBeanPostProcessor$AutowiredFieldElement.inject(AutowiredAnnotationBeanPostProcessor.java:767)
	at org.springframework.beans.factory.annotation.InjectionMetadata.inject(InjectionMetadata.java:146)
	at org.springframework.beans.factory.annotation.AutowiredAnnotationBeanPostProcessor.postProcessProperties(AutowiredAnnotationBeanPostProcessor.java:509)
	at org.springframework.beans.factory.support.AbstractAutowireCapableBeanFactory.populateBean(AbstractAutowireCapableBeanFactory.java:1459)
	at org.springframework.beans.factory.support.AbstractAutowireCapableBeanFactory.doCreateBean(AbstractAutowireCapableBeanFactory.java:606)
	at org.springframework.beans.factory.support.AbstractAutowireCapableBeanFactory.createBean(AbstractAutowireCapableBeanFactory.java:529)
	at org.springframework.beans.factory.support.AbstractBeanFactory.lambda$doGetBean$0(AbstractBeanFactory.java:339)
	at org.springframework.beans.factory.support.DefaultSingletonBeanRegistry.getSingleton(DefaultSingletonBeanRegistry.java:373)
	at org.springframework.beans.factory.support.AbstractBeanFactory.doGetBean(AbstractBeanFactory.java:337)
	at org.springframework.beans.factory.support.AbstractBeanFactory.getBean(AbstractBeanFactory.java:202)
	at org.springframework.beans.factory.support.DefaultListableBeanFactory.instantiateSingleton(DefaultListableBeanFactory.java:1228)
	at org.springframework.beans.factory.support.DefaultListableBeanFactory.preInstantiateSingleton(DefaultListableBeanFactory.java:1194)
	at org.springframework.beans.factory.support.DefaultListableBeanFactory.preInstantiateSingletons(DefaultListableBeanFactory.java:1130)
	at org.springframework.context.support.AbstractApplicationContext.finishBeanFactoryInitialization(AbstractApplicationContext.java:991)
	at org.springframework.context.support.AbstractApplicationContext.refresh(AbstractApplicationContext.java:628)
	at org.springframework.boot.web.servlet.context.ServletWebServerApplicationContext.refresh(ServletWebServerApplicationContext.java:146)
	at org.springframework.boot.SpringApplication.refresh(SpringApplication.java:752)
	at org.springframework.boot.SpringApplication.refreshContext(SpringApplication.java:439)
	at org.springframework.boot.SpringApplication.run(SpringApplication.java:318)
	at org.springframework.boot.SpringApplication.run(SpringApplication.java:1361)
	at org.springframework.boot.SpringApplication.run(SpringApplication.java:1350)
	at com.liang.bbs.article.service.ArticleApplication.main(ArticleApplication.java:19)
Caused by: org.springframework.beans.factory.UnsatisfiedDependencyException: Error creating bean with name 'articleServiceImpl': Unsatisfied dependency expressed through field 'labelService': Error creating bean with name 'labelServiceImpl': Unsatisfied dependency expressed through field 'fileService': Error creating bean with name 'com.liang.bbs.article.service.client.FileServiceClient': FactoryBean threw exception on object creation
	at org.springframework.beans.factory.annotation.AutowiredAnnotationBeanPostProcessor$AutowiredFieldElement.resolveFieldValue(AutowiredAnnotationBeanPostProcessor.java:787)
	at org.springframework.beans.factory.annotation.AutowiredAnnotationBeanPostProcessor$AutowiredFieldElement.inject(AutowiredAnnotationBeanPostProcessor.java:767)
	at org.springframework.beans.factory.annotation.InjectionMetadata.inject(InjectionMetadata.java:146)
	at org.springframework.beans.factory.annotation.AutowiredAnnotationBeanPostProcessor.postProcessProperties(AutowiredAnnotationBeanPostProcessor.java:509)
	at org.springframework.beans.factory.support.AbstractAutowireCapableBeanFactory.populateBean(AbstractAutowireCapableBeanFactory.java:1459)
	at org.springframework.beans.factory.support.AbstractAutowireCapableBeanFactory.doCreateBean(AbstractAutowireCapableBeanFactory.java:606)
	at org.springframework.beans.factory.support.AbstractAutowireCapableBeanFactory.createBean(AbstractAutowireCapableBeanFactory.java:529)
	at org.springframework.beans.factory.support.AbstractBeanFactory.lambda$doGetBean$0(AbstractBeanFactory.java:339)
	at org.springframework.beans.factory.support.DefaultSingletonBeanRegistry.getSingleton(DefaultSingletonBeanRegistry.java:373)
	at org.springframework.beans.factory.support.AbstractBeanFactory.doGetBean(AbstractBeanFactory.java:337)
	at org.springframework.beans.factory.support.AbstractBeanFactory.getBean(AbstractBeanFactory.java:202)
	at org.springframework.beans.factory.config.DependencyDescriptor.resolveCandidate(DependencyDescriptor.java:254)
	at org.springframework.beans.factory.support.DefaultListableBeanFactory.doResolveDependency(DefaultListableBeanFactory.java:1770)
	at org.springframework.beans.factory.support.DefaultListableBeanFactory.resolveDependency(DefaultListableBeanFactory.java:1653)
	at org.springframework.beans.factory.annotation.AutowiredAnnotationBeanPostProcessor$AutowiredFieldElement.resolveFieldValue(AutowiredAnnotationBeanPostProcessor.java:784)
	... 22 common frames omitted
Caused by: org.springframework.beans.factory.UnsatisfiedDependencyException: Error creating bean with name 'labelServiceImpl': Unsatisfied dependency expressed through field 'fileService': Error creating bean with name 'com.liang.bbs.article.service.client.FileServiceClient': FactoryBean threw exception on object creation
	at org.springframework.beans.factory.annotation.AutowiredAnnotationBeanPostProcessor$AutowiredFieldElement.resolveFieldValue(AutowiredAnnotationBeanPostProcessor.java:787)
	at org.springframework.beans.factory.annotation.AutowiredAnnotationBeanPostProcessor$AutowiredFieldElement.inject(AutowiredAnnotationBeanPostProcessor.java:767)
	at org.springframework.beans.factory.annotation.InjectionMetadata.inject(InjectionMetadata.java:146)
	at org.springframework.beans.factory.annotation.AutowiredAnnotationBeanPostProcessor.postProcessProperties(AutowiredAnnotationBeanPostProcessor.java:509)
	at org.springframework.beans.factory.support.AbstractAutowireCapableBeanFactory.populateBean(AbstractAutowireCapableBeanFactory.java:1459)
	at org.springframework.beans.factory.support.AbstractAutowireCapableBeanFactory.doCreateBean(AbstractAutowireCapableBeanFactory.java:606)
	at org.springframework.beans.factory.support.AbstractAutowireCapableBeanFactory.createBean(AbstractAutowireCapableBeanFactory.java:529)
	at org.springframework.beans.factory.support.AbstractBeanFactory.lambda$doGetBean$0(AbstractBeanFactory.java:339)
	at org.springframework.beans.factory.support.DefaultSingletonBeanRegistry.getSingleton(DefaultSingletonBeanRegistry.java:373)
	at org.springframework.beans.factory.support.AbstractBeanFactory.doGetBean(AbstractBeanFactory.java:337)
	at org.springframework.beans.factory.support.AbstractBeanFactory.getBean(AbstractBeanFactory.java:202)
	at org.springframework.beans.factory.config.DependencyDescriptor.resolveCandidate(DependencyDescriptor.java:254)
	at org.springframework.beans.factory.support.DefaultListableBeanFactory.doResolveDependency(DefaultListableBeanFactory.java:1770)
	at org.springframework.beans.factory.support.DefaultListableBeanFactory.resolveDependency(DefaultListableBeanFactory.java:1653)
	at org.springframework.beans.factory.annotation.AutowiredAnnotationBeanPostProcessor$AutowiredFieldElement.resolveFieldValue(AutowiredAnnotationBeanPostProcessor.java:784)
	... 36 common frames omitted
Caused by: org.springframework.beans.factory.BeanCreationException: Error creating bean with name 'com.liang.bbs.article.service.client.FileServiceClient': FactoryBean threw exception on object creation
	at org.springframework.beans.factory.support.FactoryBeanRegistrySupport.doGetObjectFromFactoryBean(FactoryBeanRegistrySupport.java:211)
	at org.springframework.beans.factory.support.FactoryBeanRegistrySupport.getObjectFromFactoryBean(FactoryBeanRegistrySupport.java:137)
	at org.springframework.beans.factory.support.AbstractBeanFactory.getObjectForBeanInstance(AbstractBeanFactory.java:1895)
	at org.springframework.beans.factory.support.AbstractAutowireCapableBeanFactory.getObjectForBeanInstance(AbstractAutowireCapableBeanFactory.java:1316)
	at org.springframework.beans.factory.support.AbstractBeanFactory.doGetBean(AbstractBeanFactory.java:349)
	at org.springframework.beans.factory.support.AbstractBeanFactory.getBean(AbstractBeanFactory.java:202)
	at org.springframework.beans.factory.config.DependencyDescriptor.resolveCandidate(DependencyDescriptor.java:254)
	at org.springframework.beans.factory.support.DefaultListableBeanFactory.doResolveDependency(DefaultListableBeanFactory.java:1770)
	at org.springframework.beans.factory.support.DefaultListableBeanFactory.resolveDependency(DefaultListableBeanFactory.java:1653)
	at org.springframework.beans.factory.annotation.AutowiredAnnotationBeanPostProcessor$AutowiredFieldElement.resolveFieldValue(AutowiredAnnotationBeanPostProcessor.java:784)
	... 50 common frames omitted
Caused by: java.lang.IllegalStateException: Method FileServiceClient#fileScaleUpload(byte[],String,String) not annotated with HTTP method type (ex. GET, POST)
Warnings:
- 
	at feign.Util.checkState(Util.java:118)
	at feign.Contract$BaseContract.parseAndValidateMetadata(Contract.java:117)
	at org.springframework.cloud.openfeign.support.SpringMvcContract.parseAndValidateMetadata(SpringMvcContract.java:240)
	at feign.Contract$BaseContract.parseAndValidateMetadata(Contract.java:71)
	at feign.ReflectiveFeign$ParseHandlersByName.apply(ReflectiveFeign.java:140)
	at feign.ReflectiveFeign.newInstance(ReflectiveFeign.java:59)
	at feign.ReflectiveFeign.newInstance(ReflectiveFeign.java:51)
	at feign.Feign$Builder.target(Feign.java:202)
	at org.springframework.cloud.openfeign.DefaultTargeter.target(DefaultTargeter.java:30)
	at org.springframework.cloud.openfeign.FeignClientFactoryBean.loadBalance(FeignClientFactoryBean.java:433)
	at org.springframework.cloud.openfeign.FeignClientFactoryBean.getTarget(FeignClientFactoryBean.java:481)
	at org.springframework.cloud.openfeign.FeignClientFactoryBean.getObject(FeignClientFactoryBean.java:456)
	at org.springframework.beans.factory.support.FactoryBeanRegistrySupport.doGetObjectFromFactoryBean(FactoryBeanRegistrySupport.java:205)
	... 59 common frames omitted
2026-04-22 16:47:12.413 WARN c.alibaba.nacos.common.executor.ThreadPoolManager [Thread-6] -[ThreadPoolManager] Start destroying ThreadPool
2026-04-22 16:47:12.414 WARN c.alibaba.nacos.common.executor.ThreadPoolManager [Thread-6] -[ThreadPoolManager] Destruction of the end
2026-04-22 16:54:17.749 INFO com.alibaba.nacos.client.logging.NacosLogging [main] -Nacos Logging Adapter Builder: com.alibaba.nacos.logger.adapter.logback12.LogbackNacosLoggingAdapterBuilder
2026-04-22 16:54:17.751 INFO com.alibaba.nacos.client.logging.NacosLogging [main] -Nacos Logging Adapter Builder: com.alibaba.nacos.logger.adapter.logback14.LogbackNacosLoggingAdapterBuilder
2026-04-22 16:54:17.751 INFO com.alibaba.nacos.client.logging.NacosLogging [main] -Nacos Logging Adapter: com.alibaba.nacos.logger.adapter.logback14.LogbackNacosLoggingAdapter match ch.qos.logback.classic.Logger success.
2026-04-22 16:54:17.757 INFO com.alibaba.nacos.client.logging.NacosLogging [main] -Nacos Logging Adapter Builder: com.alibaba.nacos.logger.adapter.log4j2.Log4j2NacosLoggingAdapterBuilder
2026-04-22 16:54:17.852 INFO com.liang.bbs.article.service.ArticleApplication [main] -Starting ArticleApplication using Java 21.0.2 with PID 31228 (D:\L-work\bbs\bbs-springboot\bbs-article\bbs-article-service\target\classes started by cbr in D:\L-work\bbs\bbs-springboot\bbs-article\bbs-article-service)
2026-04-22 16:54:17.853 INFO com.liang.bbs.article.service.ArticleApplication [main] -No active profile set, falling back to 1 default profile: "default"
2026-04-22 16:54:18.677 INFO o.s.d.r.config.RepositoryConfigurationDelegate [main] -Multiple Spring Data modules found, entering strict repository configuration mode
2026-04-22 16:54:18.679 INFO o.s.d.r.config.RepositoryConfigurationDelegate [main] -Bootstrapping Spring Data MongoDB repositories in DEFAULT mode.
2026-04-22 16:54:18.713 INFO o.s.d.r.config.RepositoryConfigurationDelegate [main] -Finished Spring Data repository scanning in 24 ms. Found 0 MongoDB repository interfaces.
2026-04-22 16:54:18.732 INFO o.s.d.r.config.RepositoryConfigurationDelegate [main] -Multiple Spring Data modules found, entering strict repository configuration mode
2026-04-22 16:54:18.736 INFO o.s.d.r.config.RepositoryConfigurationDelegate [main] -Bootstrapping Spring Data Redis repositories in DEFAULT mode.
2026-04-22 16:54:18.759 INFO o.s.d.r.config.RepositoryConfigurationDelegate [main] -Finished Spring Data repository scanning in 11 ms. Found 0 Redis repository interfaces.
2026-04-22 16:54:19.030 INFO o.springframework.cloud.context.scope.GenericScope [main] -BeanFactory id=0d2458af-c2cc-3410-8f41-cc8471d3a7ca
2026-04-22 16:54:19.548 INFO o.s.boot.web.embedded.tomcat.TomcatWebServer [main] -Tomcat initialized with port 7011 (http)
2026-04-22 16:54:19.563 INFO org.apache.coyote.http11.Http11NioProtocol [main] -Initializing ProtocolHandler ["http-nio-7011"]
2026-04-22 16:54:19.566 INFO org.apache.catalina.core.StandardService [main] -Starting service [Tomcat]
2026-04-22 16:54:19.566 INFO org.apache.catalina.core.StandardEngine [main] -Starting Servlet engine: [Apache Tomcat/10.1.52]
2026-04-22 16:54:19.670 INFO o.a.c.core.ContainerBase.[Tomcat].[localhost].[/] [main] -Initializing Spring embedded WebApplicationContext
2026-04-22 16:54:19.671 INFO o.s.b.w.s.c.ServletWebServerApplicationContext [main] -Root WebApplicationContext: initialization completed in 1779 ms
2026-04-22 16:54:20.131 INFO o.s.cloud.openfeign.FeignClientFactoryBean [main] -For 'ns-manage-auth' URL not provided. Will try picking an instance via load-balancing.
2026-04-22 16:54:20.183 INFO o.s.cloud.openfeign.FeignClientFactoryBean [main] -For 'ns-manage-auth' URL not provided. Will try picking an instance via load-balancing.
2026-04-22 16:54:20.200 INFO o.s.cloud.openfeign.FeignClientFactoryBean [main] -For 'ns-bbs-user' URL not provided. Will try picking an instance via load-balancing.
2026-04-22 16:54:20.219 INFO o.s.cloud.openfeign.FeignClientFactoryBean [main] -For 'ns-bbs-user' URL not provided. Will try picking an instance via load-balancing.
2026-04-22 16:54:20.235 INFO o.s.cloud.openfeign.FeignClientFactoryBean [main] -For 'ns-bbs-user' URL not provided. Will try picking an instance via load-balancing.
2026-04-22 16:54:20.249 INFO o.s.cloud.openfeign.FeignClientFactoryBean [main] -For 'ns-manage-auth' URL not provided. Will try picking an instance via load-balancing.
2026-04-22 16:54:20.264 INFO o.s.cloud.openfeign.FeignClientFactoryBean [main] -For 'ns-bbs-user' URL not provided. Will try picking an instance via load-balancing.
2026-04-22 16:54:20.415 INFO org.mongodb.driver.cluster [cluster-ClusterId{value='69e88cbc3f641a10605ad20f', description='null'}-127.0.0.1:27017] -Exception in monitor thread while connecting to server 127.0.0.1:27017
com.mongodb.MongoSocketOpenException: Exception opening socket
	at com.mongodb.internal.connection.SocketStream.lambda$open$0(SocketStream.java:85)
	at java.base/java.util.Optional.orElseThrow(Optional.java:403)
	at com.mongodb.internal.connection.SocketStream.open(SocketStream.java:85)
	at com.mongodb.internal.connection.InternalStreamConnection.open(InternalStreamConnection.java:233)
	at com.mongodb.internal.connection.DefaultServerMonitor$ServerMonitor.lookupServerDescription(DefaultServerMonitor.java:219)
	at com.mongodb.internal.connection.DefaultServerMonitor$ServerMonitor.run(DefaultServerMonitor.java:176)
Caused by: java.net.ConnectException: Connection refused: getsockopt
	at java.base/sun.nio.ch.Net.pollConnect(Native Method)
	at java.base/sun.nio.ch.Net.pollConnectNow(Net.java:682)
	at java.base/sun.nio.ch.NioSocketImpl.timedFinishConnect(NioSocketImpl.java:542)
	at java.base/sun.nio.ch.NioSocketImpl.connect(NioSocketImpl.java:592)
	at java.base/java.net.SocksSocketImpl.connect(SocksSocketImpl.java:327)
	at java.base/java.net.Socket.connect(Socket.java:751)
	at com.mongodb.internal.connection.SocketStreamHelper.initialize(SocketStreamHelper.java:76)
	at com.mongodb.internal.connection.SocketStream.initializeSocket(SocketStream.java:104)
	at com.mongodb.internal.connection.SocketStream.open(SocketStream.java:79)
	... 3 common frames omitted
2026-04-22 16:54:20.420 INFO org.mongodb.driver.client [main] -MongoClient with metadata {"driver": {"name": "mongo-java-driver|sync|spring-boot", "version": "5.5.2"}, "os": {"type": "Windows", "name": "Windows 11", "architecture": "amd64", "version": "10.0"}, "platform": "Java/Oracle Corporation/21.0.2+13-58"} created with settings MongoClientSettings{readPreference=primary, writeConcern=WriteConcern{w=null, wTimeout=null ms, journal=null}, retryWrites=true, retryReads=true, readConcern=ReadConcern{level=null}, credential=null, transportSettings=null, commandListeners=[], codecRegistry=ProvidersCodecRegistry{codecProviders=[ValueCodecProvider{}, BsonValueCodecProvider{}, DBRefCodecProvider{}, DBObjectCodecProvider{}, DocumentCodecProvider{}, CollectionCodecProvider{}, IterableCodecProvider{}, MapCodecProvider{}, GeoJsonCodecProvider{}, GridFSFileCodecProvider{}, Jsr310CodecProvider{}, JsonObjectCodecProvider{}, BsonCodecProvider{}, EnumCodecProvider{}, com.mongodb.client.model.mql.ExpressionCodecProvider@2f3a8166, com.mongodb.Jep395RecordCodecProvider@7aab98b6, com.mongodb.KotlinCodecProvider@5e3405a1]}, loggerSettings=LoggerSettings{maxDocumentLength=1000}, clusterSettings={hosts=[127.0.0.1:27017], srvServiceName=mongodb, mode=SINGLE, requiredClusterType=UNKNOWN, requiredReplicaSetName='null', serverSelector='null', clusterListeners='[]', serverSelectionTimeout='30000 ms', localThreshold='15 ms'}, socketSettings=SocketSettings{connectTimeoutMS=10000, readTimeoutMS=0, receiveBufferSize=0, proxySettings=ProxySettings{host=null, port=null, username=null, password=null}}, heartbeatSocketSettings=SocketSettings{connectTimeoutMS=10000, readTimeoutMS=10000, receiveBufferSize=0, proxySettings=ProxySettings{host=null, port=null, username=null, password=null}}, connectionPoolSettings=ConnectionPoolSettings{maxSize=100, minSize=0, maxWaitTimeMS=120000, maxConnectionLifeTimeMS=0, maxConnectionIdleTimeMS=0, maintenanceInitialDelayMS=0, maintenanceFrequencyMS=60000, connectionPoolListeners=[], maxConnecting=2}, serverSettings=ServerSettings{heartbeatFrequencyMS=10000, minHeartbeatFrequencyMS=500, serverMonitoringMode=AUTO, serverListeners='[]', serverMonitorListeners='[]'}, sslSettings=SslSettings{enabled=false, invalidHostNameAllowed=false, context=null}, applicationName='null', compressorList=[], uuidRepresentation=JAVA_LEGACY, serverApi=null, autoEncryptionSettings=null, dnsClient=null, inetAddressResolver=null, contextProvider=null, timeoutMS=null}
2026-04-22 16:54:21.522 WARN o.s.c.l.c.LoadBalancerCacheAutoConfiguration$LoadBalancerCaffeineWarnLogger [main] -Spring Cloud LoadBalancer is currently working with the default cache. While this cache implementation is useful for development and tests, it's recommended to use Caffeine cache in production.You can switch to using Caffeine cache, by adding it and org.springframework.cache.caffeine.CaffeineCacheManager to the classpath.
2026-04-22 16:54:21.538 INFO org.apache.coyote.http11.Http11NioProtocol [main] -Starting ProtocolHandler ["http-nio-7011"]
2026-04-22 16:54:21.631 INFO o.s.boot.web.embedded.tomcat.TomcatWebServer [main] -Tomcat started on port 7011 (http) with context path '/'
2026-04-22 16:54:21.704 INFO c.a.n.p.auth.spi.client.ClientAuthPluginManager [main] -[ClientAuthPluginManager] Load ClientAuthService com.alibaba.nacos.client.auth.impl.NacosClientAuthServiceImpl success.
2026-04-22 16:54:21.717 INFO c.a.n.p.auth.spi.client.ClientAuthPluginManager [main] -[ClientAuthPluginManager] Load ClientAuthService com.alibaba.nacos.client.auth.ram.RamClientAuthServiceImpl success.
2026-04-22 16:54:22.761 INFO c.a.n.common.ability.AbstractAbilityControlManager [main] -Ready to get current node abilities...
2026-04-22 16:54:22.763 INFO c.a.n.common.ability.AbstractAbilityControlManager [main] -Ready to initialize current node abilities, support modes: [SDK_CLIENT]
2026-04-22 16:54:22.763 INFO c.a.n.common.ability.AbstractAbilityControlManager [main] -Initialize current abilities finish...
2026-04-22 16:54:22.764 INFO c.a.n.c.ability.discover.NacosAbilityManagerHolder [main] -[AbilityControlManager] Successfully initialize AbilityControlManager
2026-04-22 16:54:22.950 INFO c.a.cloud.nacos.registry.NacosServiceRegistry [main] -nacos registry, DEFAULT_GROUP ns-bbs-article 172.25.240.1:7011 register finished
2026-04-22 16:54:22.964 INFO com.liang.bbs.article.service.ArticleApplication [main] -Started ArticleApplication in 5.553 seconds (process running for 6.875)
2026-04-22 17:27:23.530 INFO o.a.c.core.ContainerBase.[Tomcat].[localhost].[/] [http-nio-7011-exec-1] -Initializing Spring DispatcherServlet 'dispatcherServlet'
2026-04-22 17:27:23.531 INFO org.springframework.web.servlet.DispatcherServlet [http-nio-7011-exec-1] -Initializing Servlet 'dispatcherServlet'
2026-04-22 17:27:23.532 INFO org.springframework.web.servlet.DispatcherServlet [http-nio-7011-exec-1] -Completed initialization in 1 ms
